<?xml version="1.0" encoding="UTF-8"?>
<!-- Generated by org.testng.reporters.JUnitReportReporter -->
<testsuite skipped="1" hostname="LAPTOP-F68V0COG" name="com.mavenproj.testcases.TC_Logintest_001" tests="2" failures="0" timestamp="2020-03-22T11:09:55 IST" time="2.474" errors="1">
  <testcase name="setup" time="2.474" classname="com.mavenproj.testcases.TC_Logintest_001">
    <error type="org.openqa.selenium.WebDriverException" message="unknown error: cannot find Chrome binary
Build info: version: &#039;3.141.59&#039;, revision: &#039;e82be7d358&#039;, time: &#039;2018-11-14T08:17:03&#039;
System info: host: &#039;LAPTOP-F68V0COG&#039;, ip: &#039;192.168.56.1&#039;, os.name: &#039;Windows 10&#039;, os.arch: &#039;amd64&#039;, os.version: &#039;10.0&#039;, java.version: &#039;1.8.0_221&#039;
Driver info: driver.version: ChromeDriver
remote stacktrace: Backtrace:
	Ordinal0 [0x00760C83+1707139]
	Ordinal0 [0x006C68F1+1075441]
	Ordinal0 [0x0063DFC9+516041]
	Ordinal0 [0x005CC70E+50958]
	Ordinal0 [0x005EBFD7+180183]
	Ordinal0 [0x005EBDDD+179677]
	Ordinal0 [0x005E9D4B+171339]
	Ordinal0 [0x005D1D4A+73034]
	Ordinal0 [0x005D2DC0+77248]
	Ordinal0 [0x005D2D59+77145]
	Ordinal0 [0x006DBB67+1162087]
	GetHandleVerifier [0x007FA966+508998]
	GetHandleVerifier [0x007FA6A4+508292]
	GetHandleVerifier [0x0080F7B7+594583]
	GetHandleVerifier [0x007FB1D6+511158]
	Ordinal0 [0x006D402C+1130540]
	Ordinal0 [0x006DD4CB+1168587]
	Ordinal0 [0x006DD633+1168947]
	Ordinal0 [0x006F5B35+1268533]
	BaseThreadInitThunk [0x76D26359+25]
	RtlGetAppContainerNamedObjectPath [0x76ED7B74+228]
	RtlGetAppContainerNamedObjectPath [0x76ED7B44+180]
">
      <![CDATA[org.openqa.selenium.WebDriverException: unknown error: cannot find Chrome binary
Build info: version: '3.141.59', revision: 'e82be7d358', time: '2018-11-14T08:17:03'
System info: host: 'LAPTOP-F68V0COG', ip: '192.168.56.1', os.name: 'Windows 10', os.arch: 'amd64', os.version: '10.0', java.version: '1.8.0_221'
Driver info: driver.version: ChromeDriver
remote stacktrace: Backtrace:
Ordinal0 [0x00760C83+1707139]
Ordinal0 [0x006C68F1+1075441]
Ordinal0 [0x0063DFC9+516041]
Ordinal0 [0x005CC70E+50958]
Ordinal0 [0x005EBFD7+180183]
Ordinal0 [0x005EBDDD+179677]
Ordinal0 [0x005E9D4B+171339]
Ordinal0 [0x005D1D4A+73034]
Ordinal0 [0x005D2DC0+77248]
Ordinal0 [0x005D2D59+77145]
Ordinal0 [0x006DBB67+1162087]
GetHandleVerifier [0x007FA966+508998]
GetHandleVerifier [0x007FA6A4+508292]
GetHandleVerifier [0x0080F7B7+594583]
GetHandleVerifier [0x007FB1D6+511158]
Ordinal0 [0x006D402C+1130540]
Ordinal0 [0x006DD4CB+1168587]
Ordinal0 [0x006DD633+1168947]
Ordinal0 [0x006F5B35+1268533]
BaseThreadInitThunk [0x76D26359+25]
RtlGetAppContainerNamedObjectPath [0x76ED7B74+228]
RtlGetAppContainerNamedObjectPath [0x76ED7B44+180]

at sun.reflect.NativeConstructorAccessorImpl.newInstance0(Native Method)
at sun.reflect.NativeConstructorAccessorImpl.newInstance(NativeConstructorAccessorImpl.java:62)
at sun.reflect.DelegatingConstructorAccessorImpl.newInstance(DelegatingConstructorAccessorImpl.java:45)
at java.lang.reflect.Constructor.newInstance(Constructor.java:423)
at org.openqa.selenium.remote.W3CHandshakeResponse.lambda$errorHandler$0(W3CHandshakeResponse.java:62)
at org.openqa.selenium.remote.HandshakeResponse.lambda$getResponseFunction$0(HandshakeResponse.java:30)
at org.openqa.selenium.remote.ProtocolHandshake.lambda$createSession$0(ProtocolHandshake.java:126)
at java.util.stream.ReferencePipeline$3$1.accept(ReferencePipeline.java:193)
at java.util.Spliterators$ArraySpliterator.tryAdvance(Spliterators.java:958)
at java.util.stream.ReferencePipeline.forEachWithCancel(ReferencePipeline.java:126)
at java.util.stream.AbstractPipeline.copyIntoWithCancel(AbstractPipeline.java:499)
at java.util.stream.AbstractPipeline.copyInto(AbstractPipeline.java:486)
at java.util.stream.AbstractPipeline.wrapAndCopyInto(AbstractPipeline.java:472)
at java.util.stream.FindOps$FindOp.evaluateSequential(FindOps.java:152)
at java.util.stream.AbstractPipeline.evaluate(AbstractPipeline.java:234)
at java.util.stream.ReferencePipeline.findFirst(ReferencePipeline.java:464)
at org.openqa.selenium.remote.ProtocolHandshake.createSession(ProtocolHandshake.java:128)
at org.openqa.selenium.remote.ProtocolHandshake.createSession(ProtocolHandshake.java:74)
at org.openqa.selenium.remote.HttpCommandExecutor.execute(HttpCommandExecutor.java:136)
at org.openqa.selenium.remote.service.DriverCommandExecutor.execute(DriverCommandExecutor.java:83)
at org.openqa.selenium.remote.RemoteWebDriver.execute(RemoteWebDriver.java:552)
at org.openqa.selenium.remote.RemoteWebDriver.startSession(RemoteWebDriver.java:213)
at org.openqa.selenium.remote.RemoteWebDriver.<init>(RemoteWebDriver.java:131)
at org.openqa.selenium.chrome.ChromeDriver.<init>(ChromeDriver.java:181)
at org.openqa.selenium.chrome.ChromeDriver.<init>(ChromeDriver.java:168)
at org.openqa.selenium.chrome.ChromeDriver.<init>(ChromeDriver.java:123)
at com.mavenproj.pageobjects.Baseclass.setup(Baseclass.java:40)
at sun.reflect.NativeMethodAccessorImpl.invoke0(Native Method)
at sun.reflect.NativeMethodAccessorImpl.invoke(NativeMethodAccessorImpl.java:62)
at sun.reflect.DelegatingMethodAccessorImpl.invoke(DelegatingMethodAccessorImpl.java:43)
at java.lang.reflect.Method.invoke(Method.java:498)
at org.testng.internal.MethodInvocationHelper.invokeMethod(MethodInvocationHelper.java:134)
at org.testng.internal.MethodInvocationHelper.invokeMethodConsideringTimeout(MethodInvocationHelper.java:63)
at org.testng.internal.ConfigInvoker.invokeConfigurationMethod(ConfigInvoker.java:348)
at org.testng.internal.ConfigInvoker.invokeConfigurations(ConfigInvoker.java:302)
at org.testng.TestRunner.invokeTestConfigurations(TestRunner.java:619)
at org.testng.TestRunner.beforeRun(TestRunner.java:609)
at org.testng.TestRunner.run(TestRunner.java:580)
at org.testng.SuiteRunner.runTest(SuiteRunner.java:384)
at org.testng.SuiteRunner.runSequentially(SuiteRunner.java:378)
at org.testng.SuiteRunner.privateRun(SuiteRunner.java:337)
at org.testng.SuiteRunner.run(SuiteRunner.java:286)
at org.testng.SuiteRunnerWorker.runSuite(SuiteRunnerWorker.java:53)
at org.testng.SuiteRunnerWorker.run(SuiteRunnerWorker.java:96)
at org.testng.TestNG.runSuitesSequentially(TestNG.java:1187)
at org.testng.TestNG.runSuitesLocally(TestNG.java:1109)
at org.testng.TestNG.runSuites(TestNG.java:1039)
at org.testng.TestNG.run(TestNG.java:1007)
at org.apache.maven.surefire.testng.TestNGExecutor.run(TestNGExecutor.java:283)
at org.apache.maven.surefire.testng.TestNGXmlTestSuite.execute(TestNGXmlTestSuite.java:75)
at org.apache.maven.surefire.testng.TestNGProvider.invoke(TestNGProvider.java:120)
at org.apache.maven.surefire.booter.ForkedBooter.runSuitesInProcess(ForkedBooter.java:377)
at org.apache.maven.surefire.booter.ForkedBooter.execute(ForkedBooter.java:138)
at org.apache.maven.surefire.booter.ForkedBooter.run(ForkedBooter.java:465)
at org.apache.maven.surefire.booter.ForkedBooter.main(ForkedBooter.java:451)
]]>
    </error>
  </testcase> <!-- setup -->
  <system-out/>
  <testcase name="logintest" time="0.000" classname="com.mavenproj.testcases.TC_Logintest_001">
    <skipped/>
  </testcase> <!-- logintest -->
  <system-out/>
</testsuite> <!-- com.mavenproj.testcases.TC_Logintest_001 -->
