<?xml version="1.0" encoding="UTF-8"?>
<!-- Generated by org.testng.reporters.JUnitXMLReporter -->
<testsuite hostname="LAPTOP-F68V0COG" ignored="4" name="Test1" tests="6" failures="0" timestamp="2020-03-22T11:09:54 IST" time="4.48" errors="0">
  <testcase name="@BeforeTest setup" time="2.474" classname="com.mavenproj.pageobjects.Baseclass">
    <failure type="org.openqa.selenium.WebDriverException" message="unknown error: cannot find Chrome binary
Build info: version: &amp;apos;3.141.59&amp;apos;, revision: &amp;apos;e82be7d358&amp;apos;, time: &amp;apos;2018-11-14T08:17:03&amp;apos;
System info: host: &amp;apos;LAPTOP-F68V0COG&amp;apos;, ip: &amp;apos;192.168.56.1&amp;apos;, os.name: &amp;apos;Windows 10&amp;apos;, os.arch: &amp;apos;amd64&amp;apos;, os.version: &amp;apos;10.0&amp;apos;, java.version: &amp;apos;1.8.0_221&amp;apos;
Driver info: driver.version: ChromeDriver
remote stacktrace: Backtrace:
	Ordinal0 [0x00760C83+1707139]
	Ordinal0 [0x006C68F1+1075441]
	Ordinal0 [0x0063DFC9+516041]
	Ordinal0 [0x005CC70E+50958]
	Ordinal0 [0x005EBFD7+180183]
	Ordinal0 [0x005EBDDD+179677]
	Ordinal0 [0x005E9D4B+171339]
	Ordinal0 [0x005D1D4A+73034]
	Ordinal0 [0x005D2DC0+77248]
	Ordinal0 [0x005D2D59+77145]
	Ordinal0 [0x006DBB67+1162087]
	GetHandleVerifier [0x007FA966+508998]
	GetHandleVerifier [0x007FA6A4+508292]
	GetHandleVerifier [0x0080F7B7+594583]
	GetHandleVerifier [0x007FB1D6+511158]
	Ordinal0 [0x006D402C+1130540]
	Ordinal0 [0x006DD4CB+1168587]
	Ordinal0 [0x006DD633+1168947]
	Ordinal0 [0x006F5B35+1268533]
	BaseThreadInitThunk [0x76D26359+25]
	RtlGetAppContainerNamedObjectPath [0x76ED7B74+228]
	RtlGetAppContainerNamedObjectPath [0x76ED7B44+180]
">
      <![CDATA[org.openqa.selenium.WebDriverException: unknown error: cannot find Chrome binary
Build info: version: '3.141.59', revision: 'e82be7d358', time: '2018-11-14T08:17:03'
System info: host: 'LAPTOP-F68V0COG', ip: '192.168.56.1', os.name: 'Windows 10', os.arch: 'amd64', os.version: '10.0', java.version: '1.8.0_221'
Driver info: driver.version: ChromeDriver
remote stacktrace: Backtrace:
Ordinal0 [0x00760C83+1707139]
Ordinal0 [0x006C68F1+1075441]
Ordinal0 [0x0063DFC9+516041]
Ordinal0 [0x005CC70E+50958]
Ordinal0 [0x005EBFD7+180183]
Ordinal0 [0x005EBDDD+179677]
Ordinal0 [0x005E9D4B+171339]
Ordinal0 [0x005D1D4A+73034]
Ordinal0 [0x005D2DC0+77248]
Ordinal0 [0x005D2D59+77145]
Ordinal0 [0x006DBB67+1162087]
GetHandleVerifier [0x007FA966+508998]
GetHandleVerifier [0x007FA6A4+508292]
GetHandleVerifier [0x0080F7B7+594583]
GetHandleVerifier [0x007FB1D6+511158]
Ordinal0 [0x006D402C+1130540]
Ordinal0 [0x006DD4CB+1168587]
Ordinal0 [0x006DD633+1168947]
Ordinal0 [0x006F5B35+1268533]
BaseThreadInitThunk [0x76D26359+25]
RtlGetAppContainerNamedObjectPath [0x76ED7B74+228]
RtlGetAppContainerNamedObjectPath [0x76ED7B44+180]

at org.openqa.selenium.remote.W3CHandshakeResponse.lambda$errorHandler$0(W3CHandshakeResponse.java:62)
at org.openqa.selenium.remote.HandshakeResponse.lambda$getResponseFunction$0(HandshakeResponse.java:30)
at org.openqa.selenium.remote.ProtocolHandshake.lambda$createSession$0(ProtocolHandshake.java:126)
at java.util.stream.ReferencePipeline$3$1.accept(ReferencePipeline.java:193)
at java.util.Spliterators$ArraySpliterator.tryAdvance(Spliterators.java:958)
at java.util.stream.ReferencePipeline.forEachWithCancel(ReferencePipeline.java:126)
at java.util.stream.AbstractPipeline.copyIntoWithCancel(AbstractPipeline.java:499)
at java.util.stream.AbstractPipeline.copyInto(AbstractPipeline.java:486)
at java.util.stream.AbstractPipeline.wrapAndCopyInto(AbstractPipeline.java:472)
at java.util.stream.FindOps$FindOp.evaluateSequential(FindOps.java:152)
at java.util.stream.AbstractPipeline.evaluate(AbstractPipeline.java:234)
at java.util.stream.ReferencePipeline.findFirst(ReferencePipeline.java:464)
at org.openqa.selenium.remote.ProtocolHandshake.createSession(ProtocolHandshake.java:128)
at org.openqa.selenium.remote.ProtocolHandshake.createSession(ProtocolHandshake.java:74)
at org.openqa.selenium.remote.HttpCommandExecutor.execute(HttpCommandExecutor.java:136)
at org.openqa.selenium.remote.service.DriverCommandExecutor.execute(DriverCommandExecutor.java:83)
at org.openqa.selenium.remote.RemoteWebDriver.execute(RemoteWebDriver.java:552)
at org.openqa.selenium.remote.RemoteWebDriver.startSession(RemoteWebDriver.java:213)
at org.openqa.selenium.remote.RemoteWebDriver.<init>(RemoteWebDriver.java:131)
at org.openqa.selenium.chrome.ChromeDriver.<init>(ChromeDriver.java:181)
at org.openqa.selenium.chrome.ChromeDriver.<init>(ChromeDriver.java:168)
at org.openqa.selenium.chrome.ChromeDriver.<init>(ChromeDriver.java:123)
at com.mavenproj.pageobjects.Baseclass.setup(Baseclass.java:40)
... Removed 32 stack frames]]>
    </failure>
  </testcase> <!-- @BeforeTest setup -->
  <testcase name="@AfterTest teardown" time="-1.584855594502E9" classname="com.mavenproj.pageobjects.Baseclass">
    <skipped/>
  </testcase> <!-- @AfterTest teardown -->
  <testcase name="logintest" time="0.0" classname="com.mavenproj.testcases.TC_Logintest_001">
    <skipped/>
  </testcase> <!-- logintest -->
  <testcase name="loginTest" time="0.0" classname="com.mavenproj.testcases.TC_LoginDDT_002">
    <skipped/>
  </testcase> <!-- loginTest -->
  <testcase name="loginTest" time="0.0" classname="com.mavenproj.testcases.TC_LoginDDT_002">
    <skipped/>
  </testcase> <!-- loginTest -->
  <testcase name="loginTest" time="0.0" classname="com.mavenproj.testcases.TC_LoginDDT_002">
    <skipped/>
  </testcase> <!-- loginTest -->
  <testcase name="loginTest" time="0.0" classname="com.mavenproj.testcases.TC_LoginDDT_002">
    <skipped/>
  </testcase> <!-- loginTest -->
  <testcase name="addNewCustomer" time="0.0" classname="com.mavenproj.testcases.TC_AddCustomerTest_003">
    <skipped/>
  </testcase> <!-- addNewCustomer -->
  <testcase name="@AfterTest teardown" time="0.0" classname="com.mavenproj.pageobjects.Baseclass">
    <ignored/>
  </testcase> <!-- @AfterTest teardown -->
  <testcase name="@AfterTest teardown" time="0.0" classname="com.mavenproj.pageobjects.Baseclass">
    <ignored/>
  </testcase> <!-- @AfterTest teardown -->
  <testcase name="@BeforeTest setup" time="0.0" classname="com.mavenproj.pageobjects.Baseclass">
    <ignored/>
  </testcase> <!-- @BeforeTest setup -->
  <testcase name="@BeforeTest setup" time="0.0" classname="com.mavenproj.pageobjects.Baseclass">
    <ignored/>
  </testcase> <!-- @BeforeTest setup -->
</testsuite> <!-- Test1 -->
