<?xml version="1.0" encoding="UTF-8"?>
<!-- Generated by org.testng.reporters.JUnitXMLReporter -->
<testsuite hostname="LAPTOP-F68V0COG" ignored="0" name="Default test" tests="1" failures="0" timestamp="2020-03-17T11:15:36 IST" time="0.056" errors="0">
  <testcase name="@BeforeTest setup" time="-1.584423936807E9" classname="com.mavenproj.pageobjects.Baseclass">
    <failure type="org.testng.TestNGException" message="
Parameter &amp;apos;br&amp;apos; is required by BeforeTest on method setup but has not been marked @Optional or defined
in C:\Users\kishore\AppData\Local\Temp\testng-eclipse-195675257\testng-customsuite.xml">
      <![CDATA[org.testng.TestNGException: 
Parameter 'br' is required by BeforeTest on method setup but has not been marked @Optional or defined
in C:\Users\kishore\AppData\Local\Temp\testng-eclipse-195675257\testng-customsuite.xml
at org.testng.internal.Parameters.createParams(Parameters.java:272)
at org.testng.internal.Parameters.createParametersForMethod(Parameters.java:360)
at org.testng.internal.Parameters.createParameters(Parameters.java:704)
at org.testng.internal.Parameters.createConfigurationParameters(Parameters.java:166)
at org.testng.internal.ConfigInvoker.invokeConfigurations(ConfigInvoker.java:283)
at org.testng.TestRunner.invokeTestConfigurations(TestRunner.java:619)
at org.testng.TestRunner.beforeRun(TestRunner.java:609)
at org.testng.TestRunner.run(TestRunner.java:580)
at org.testng.SuiteRunner.runTest(SuiteRunner.java:384)
at org.testng.SuiteRunner.runSequentially(SuiteRunner.java:378)
at org.testng.SuiteRunner.privateRun(SuiteRunner.java:337)
at org.testng.SuiteRunner.run(SuiteRunner.java:286)
at org.testng.SuiteRunnerWorker.runSuite(SuiteRunnerWorker.java:53)
at org.testng.SuiteRunnerWorker.run(SuiteRunnerWorker.java:96)
at org.testng.TestNG.runSuitesSequentially(TestNG.java:1187)
at org.testng.TestNG.runSuitesLocally(TestNG.java:1109)
at org.testng.TestNG.runSuites(TestNG.java:1039)
at org.testng.TestNG.run(TestNG.java:1007)
at org.testng.remote.AbstractRemoteTestNG.run(AbstractRemoteTestNG.java:115)
at org.testng.remote.RemoteTestNG.initAndRun(RemoteTestNG.java:251)
at org.testng.remote.RemoteTestNG.main(RemoteTestNG.java:77)
]]>
    </failure>
  </testcase> <!-- @BeforeTest setup -->
  <testcase name="@AfterTest teardown" time="-1.584423936857E9" classname="com.mavenproj.pageobjects.Baseclass">
    <skipped/>
  </testcase> <!-- @AfterTest teardown -->
  <testcase name="logintest" time="0.0" classname="com.mavenproj.testcases.TC_Logintest_001">
    <skipped/>
  </testcase> <!-- logintest -->
</testsuite> <!-- Default test -->
